2026-03-18 14:52:50,715 : INFO  : main :  : NodeLogger :  :  : #########################################################################################
2026-03-18 14:52:50,716 : INFO  : main :  : NodeLogger :  :  : #                                                                                       #
2026-03-18 14:52:50,716 : INFO  : main :  : NodeLogger :  :  : # Welcome to KNIME Analytics Platform v5.11.0.v202603030810 (Build March 03, 2026)      #
2026-03-18 14:52:50,716 : INFO  : main :  : NodeLogger :  :  : # Based on Eclipse, http://www.eclipse.org                                              #
2026-03-18 14:52:50,716 : INFO  : main :  : NodeLogger :  :  : #                                                                                       #
2026-03-18 14:52:50,716 : INFO  : main :  : NodeLogger :  :  : #########################################################################################
2026-03-18 14:52:50,716 : INFO  : main :  : NodeLogger :  :  : #                                                                                       #
2026-03-18 14:52:50,716 : INFO  : main :  : NodeLogger :  :  : # Copyright by KNIME AG, Zurich, Switzerland and others.                                #
2026-03-18 14:52:50,716 : INFO  : main :  : NodeLogger :  :  : # Website: http://www.knime.com                                                         #
2026-03-18 14:52:50,716 : INFO  : main :  : NodeLogger :  :  : # E-mail: contact@knime.com                                                             #
2026-03-18 14:52:50,716 : INFO  : main :  : NodeLogger :  :  : #                                                                                       #
2026-03-18 14:52:50,716 : INFO  : main :  : NodeLogger :  :  : #########################################################################################
2026-03-18 14:52:50,716 : INFO  : main :  : NodeLogger :  :  : # For more details see the KNIME log file:                                              #
2026-03-18 14:52:50,716 : INFO  : main :  : NodeLogger :  :  : # /Users/austinwklein/Repos/dm_sfo/knime_workspace/.metadata/knime/knime.log
2026-03-18 14:52:50,716 : INFO  : main :  : NodeLogger :  :  : #---------------------------------------------------------------------------------------#
2026-03-18 14:52:50,722 : INFO  : main :  : NodeLogger :  :  : # logging date=Wed Mar 18 14:52:50 AKDT 2026
2026-03-18 14:52:50,722 : INFO  : main :  : NodeLogger :  :  : # java.version=21.0.9
2026-03-18 14:52:50,722 : INFO  : main :  : NodeLogger :  :  : # java.vm.version=21.0.9+10-LTS
2026-03-18 14:52:50,722 : INFO  : main :  : NodeLogger :  :  : # java.vendor=Eclipse Adoptium
2026-03-18 14:52:50,722 : INFO  : main :  : NodeLogger :  :  : # os.name=Mac OS X
2026-03-18 14:52:50,722 : INFO  : main :  : NodeLogger :  :  : # os.arch=aarch64
2026-03-18 14:52:50,722 : INFO  : main :  : NodeLogger :  :  : # number of CPUs=10
2026-03-18 14:52:50,722 : INFO  : main :  : NodeLogger :  :  : # assertions=off
2026-03-18 14:52:50,728 : INFO  : main :  : NodeLogger :  :  : # host=AustinsMBP.local
2026-03-18 14:52:50,730 : INFO  : main :  : NodeLogger :  :  : # username=austinwklein
2026-03-18 14:52:50,730 : INFO  : main :  : NodeLogger :  :  : # max mem=2048MB
2026-03-18 14:52:50,730 : INFO  : main :  : NodeLogger :  :  : # application=org.knime.product.KNIME_APPLICATION
2026-03-18 14:52:50,734 : INFO  : main :  : NodeLogger :  :  : # KNID=11-975e5628c34ce046-01-29272923fae67d01
2026-03-18 14:52:50,734 : INFO  : main :  : NodeLogger :  :  : #########################################################################################
2026-03-18 14:52:25,139 : INFO  : main :  : RegisterBouncyCastleProvider :  :  : Added BouncyCastleProvider to Java Security providers
2026-03-18 14:52:51,867 : INFO  : main :  : StringHistory :  :  : History file '/Users/austinwklein/Repos/dm_sfo/knime_workspace/.metadata/knime/history_database_drivers.txt' does not exist.
2026-03-18 14:52:51,867 : INFO  : main :  : StringHistory :  :  : History file '/Users/austinwklein/Repos/dm_sfo/knime_workspace/.metadata/knime/history_database_urls.txt' does not exist.
2026-03-18 14:52:52,749 : INFO  : Node Repository Initializer :  : MovingAggregationNodeFactory :  :  : Modern dialog for Moving Aggregator node can be enabled via system property "org.knime.base.node.preproc.groupby.dialog". Note: This property will be removed in a future version.

2026-03-18 14:52:52,758 : INFO  : Node Repository Initializer :  : StringHistory :  :  : History file '/Users/austinwklein/Repos/dm_sfo/knime_workspace/.metadata/knime/history_string2date-formats.txt' does not exist.
2026-03-18 14:52:53,086 : INFO  : main :  : ProcessWatchdog :  :  : KNIME Process Watchdog memory limit not configured
2026-03-18 14:52:53,087 : INFO  : main :  : ProcessWatchdog :  :  : External process memory watchdog is disabled, because the memory limit is set to -1
2026-03-18 14:52:53,471 : INFO  : Node Repository Initializer :  : ColumnAggregatorNodeFactory :  :  : Modern dialog for Column Aggregator node can be enabled via system property "org.knime.base.node.preproc.groupby.dialog". Note: This property will be removed in a future version.

2026-03-18 14:52:53,660 : INFO  : main :  : StringHistory :  :  : History file '/Users/austinwklein/Repos/dm_sfo/knime_workspace/.metadata/knime/history_org.knime.kerberos.name.txt' does not exist.
2026-03-18 14:52:53,823 : INFO  : Node Repository Initializer :  : StringHistory :  :  : History file '/Users/austinwklein/Repos/dm_sfo/knime_workspace/.metadata/knime/history_createFileNameHistoryKey.txt' does not exist.
2026-03-18 14:52:53,948 : INFO  : main :  : KnimeBrowserView :  :  : %cinfo%c Injecting global logger 
      background: #00BCD4;
      border-radius: 0.5em;
      color: white;
      font-weight: bold;
      padding: 2px 0.5em;
      (source: https://org.knime.ui.java/assets/index-qa2z6KdO.js; line: 105)
2026-03-18 14:52:54,114 : INFO  : Node Repository Initializer :  : GroupByNodeFactory :  :  : Modern dialog for GroupBy node can be enabled via system property "org.knime.base.node.preproc.groupby.dialog". Note: This property will be removed in a future version.

2026-03-18 14:52:54,558 : INFO  : Node Repository Initializer :  : Pivot2NodeFactory :  :  : Modern dialog for Pivot node can be enabled via system property "org.knime.base.node.preproc.groupby.dialog". Note: This property will be removed in a future version.

2026-03-18 14:52:55,320 : INFO  : Node Repository Initializer :  : DBDriverRegistry :  :  : Could not find any driver for DBType: DBType(id=oracle, name=Oracle, description=null)
2026-03-18 14:52:55,325 : INFO  : Node Repository Initializer :  : DBDriverRegistry :  :  : Could not find any driver for DBType: DBType(id=oracle, name=Oracle, description=null)
2026-03-18 14:52:55,326 : INFO  : Node Repository Initializer :  : DBDriverRegistry :  :  : Could not find any driver for DBType: DBType(id=oracle, name=Oracle, description=null)
2026-03-18 14:52:55,329 : INFO  : Node Repository Initializer :  : DBDriverRegistry :  :  : Could not find any driver for DBType: DBType(id=vertica, name=Vertica, description=Vertica Analytics Platform)
2026-03-18 14:52:55,329 : INFO  : Node Repository Initializer :  : DBDriverRegistry :  :  : Could not find any driver for DBType: DBType(id=vertica, name=Vertica, description=Vertica Analytics Platform)
2026-03-18 14:52:55,330 : INFO  : Node Repository Initializer :  : DBDriverRegistry :  :  : Could not find any driver for DBType: DBType(id=vertica, name=Vertica, description=Vertica Analytics Platform)
2026-03-18 14:53:00,992 : INFO  : ModalContext :  : ColumnarPreferenceUtils : MISSING Python Script : 3:4 : Column Data Cache size is 1637 MB.
2026-03-18 14:53:01,022 : INFO  : ModalContext :  : FilterOperatorsRegistry : Row Filter : 3:7 : Experimental Row Filter extension point "org.knime.core.ui.filterOperators" is disabled for 3rd party extensions: To enable it, set the system property "org.knime.core.ui.filterOperators.enableExperimentalExtensionPoint" to "true".
2026-03-18 14:53:01,044 : ERROR : ModalContext :  : LoadWorkflowRunnable :  :  : Errors during load: Status: Error: SFO_A1 3 loaded with errors
2026-03-18 14:53:01,045 : ERROR : ModalContext :  : LoadWorkflowRunnable :  :  :   Status: Error: SFO_A1 3
2026-03-18 14:53:01,045 : ERROR : ModalContext :  : LoadWorkflowRunnable :  :  :     Status: Error: Node "Python Script" not available from extension "KNIME Python Integration" (provided by "KNIME AG, Zurich, Switzerland"; plugin "org.knime.python3.scripting.nodes" is not installed)
2026-03-18 14:53:01,045 : ERROR : ModalContext :  : LoadWorkflowRunnable :  :  :     Status: Error: Node "Python Script" not available from extension "KNIME Python Integration" (provided by "KNIME AG, Zurich, Switzerland"; plugin "org.knime.python3.scripting.nodes" is not installed)
2026-03-18 14:54:36,348 : INFO  : main :  : NodeLogger :  :  : #########################################################################################
2026-03-18 14:54:36,349 : INFO  : main :  : NodeLogger :  :  : #                                                                                       #
2026-03-18 14:54:36,349 : INFO  : main :  : NodeLogger :  :  : # Welcome to KNIME Analytics Platform v5.11.0.v202603030810 (Build March 03, 2026)      #
2026-03-18 14:54:36,349 : INFO  : main :  : NodeLogger :  :  : # Based on Eclipse, http://www.eclipse.org                                              #
2026-03-18 14:54:36,349 : INFO  : main :  : NodeLogger :  :  : #                                                                                       #
2026-03-18 14:54:36,349 : INFO  : main :  : NodeLogger :  :  : #########################################################################################
2026-03-18 14:54:36,349 : INFO  : main :  : NodeLogger :  :  : #                                                                                       #
2026-03-18 14:54:36,349 : INFO  : main :  : NodeLogger :  :  : # Copyright by KNIME AG, Zurich, Switzerland and others.                                #
2026-03-18 14:54:36,349 : INFO  : main :  : NodeLogger :  :  : # Website: http://www.knime.com                                                         #
2026-03-18 14:54:36,349 : INFO  : main :  : NodeLogger :  :  : # E-mail: contact@knime.com                                                             #
2026-03-18 14:54:36,349 : INFO  : main :  : NodeLogger :  :  : #                                                                                       #
2026-03-18 14:54:36,349 : INFO  : main :  : NodeLogger :  :  : #########################################################################################
2026-03-18 14:54:36,349 : INFO  : main :  : NodeLogger :  :  : # For more details see the KNIME log file:                                              #
2026-03-18 14:54:36,349 : INFO  : main :  : NodeLogger :  :  : # /Users/austinwklein/Repos/dm_sfo/knime_workspace/.metadata/knime/knime.log
2026-03-18 14:54:36,350 : INFO  : main :  : NodeLogger :  :  : #---------------------------------------------------------------------------------------#
2026-03-18 14:54:36,354 : INFO  : main :  : NodeLogger :  :  : # logging date=Wed Mar 18 14:54:36 AKDT 2026
2026-03-18 14:54:36,355 : INFO  : main :  : NodeLogger :  :  : # java.version=21.0.9
2026-03-18 14:54:36,355 : INFO  : main :  : NodeLogger :  :  : # java.vm.version=21.0.9+10-LTS
2026-03-18 14:54:36,355 : INFO  : main :  : NodeLogger :  :  : # java.vendor=Eclipse Adoptium
2026-03-18 14:54:36,355 : INFO  : main :  : NodeLogger :  :  : # os.name=Mac OS X
2026-03-18 14:54:36,355 : INFO  : main :  : NodeLogger :  :  : # os.arch=aarch64
2026-03-18 14:54:36,355 : INFO  : main :  : NodeLogger :  :  : # number of CPUs=10
2026-03-18 14:54:36,355 : INFO  : main :  : NodeLogger :  :  : # assertions=off
2026-03-18 14:54:36,360 : INFO  : main :  : NodeLogger :  :  : # host=AustinsMBP.local
2026-03-18 14:54:36,361 : INFO  : main :  : NodeLogger :  :  : # username=austinwklein
2026-03-18 14:54:36,362 : INFO  : main :  : NodeLogger :  :  : # max mem=2048MB
2026-03-18 14:54:36,362 : INFO  : main :  : NodeLogger :  :  : # application=org.knime.product.KNIME_APPLICATION
2026-03-18 14:54:36,366 : INFO  : main :  : NodeLogger :  :  : # KNID=11-975e5628c34ce046-01-29272923fae67d01
2026-03-18 14:54:36,366 : INFO  : main :  : NodeLogger :  :  : #########################################################################################
2026-03-18 14:54:35,476 : INFO  : main :  : RegisterBouncyCastleProvider :  :  : Added BouncyCastleProvider to Java Security providers
2026-03-18 14:54:36,496 : INFO  : main :  : EarlyStartupCondaEnvironmentInstallation :  :  : Starting conda environment initialization during early startup
2026-03-18 14:54:36,502 : INFO  : main :  : CondaEnvironmentRegistry :  :  : No metadata.properties found for 'org_knime_pythonscripting' at /Applications/KNIME 5.11.0.app/Contents/Eclipse/bundling/org_knime_pythonscripting - environment needs to be created
2026-03-18 14:54:36,958 : INFO  : ModalContext :  : runtime :  :  : Checking pixi cache directory for knime-python-versions (knime-python-versions-5.11.0-py313_202602051638) package: /Applications/KNIME 5.11.0.app/Contents/Eclipse/bundling/.pixi-cache
2026-03-18 14:54:36,959 : INFO  : ModalContext :  : runtime :  :  : Could not determine version for knime-python-versions - cleaning cache to be safe.
